<?xml version="1.0" encoding="UTF-8"?>
<testng-results total="1" passed="1" failed="0" skipped="0">
  <reporter-output>
  </reporter-output>
  <suite started-at="2020-02-03T06:29:24Z" name="HMS" finished-at="2020-02-03T06:31:19Z" duration-ms="114853">
    <groups>
    </groups>
    <test started-at="2020-02-03T06:29:24Z" name="login" finished-at="2020-02-03T06:31:19Z" duration-ms="114853">
      <class name="hari.NewTest">
        <test-method is-config="true" signature="beforeTest()[pri:0, instance:hari.NewTest@5b0abc94]" started-at="2020-02-03T11:59:24Z" name="beforeTest" finished-at="2020-02-03T11:59:45Z" duration-ms="20836" status="PASS">
          <reporter-output>
          </reporter-output>
        </test-method> <!-- beforeTest -->
        <test-method signature="f()[pri:0, instance:hari.NewTest@5b0abc94]" started-at="2020-02-03T11:59:45Z" name="f" finished-at="2020-02-03T12:01:19Z" duration-ms="93976" status="PASS">
          <reporter-output>
          </reporter-output>
        </test-method> <!-- f -->
        <test-method is-config="true" signature="afterTest()[pri:0, instance:hari.NewTest@5b0abc94]" started-at="2020-02-03T12:01:19Z" name="afterTest" finished-at="2020-02-03T12:01:19Z" duration-ms="0" status="PASS">
          <reporter-output>
          </reporter-output>
        </test-method> <!-- afterTest -->
      </class> <!-- hari.NewTest -->
    </test> <!-- login -->
  </suite> <!-- HMS -->
</testng-results>
